<?xml version="1.0" encoding="UTF-8"?>
<testsuite xmlns:xsi="http://www.w3.org/2001/XMLSchema-instance" xsi:noNamespaceSchemaLocation="https://maven.apache.org/surefire/maven-surefire-plugin/xsd/surefire-test-report-3.0.xsd" version="3.0" name="com.example.ecommerce.ECommerceApplicationTests" time="24.511" tests="1" errors="0" skipped="0" failures="0">
  <properties>
[...]
</properties>
  <testcase name="contextLoads" classname="com.example.ecommerce.ECommerceApplicationTests" time="0.763">
    <system-out><![CDATA[10:55:58.471 [main] INFO org.springframework.test.context.support.AnnotationConfigContextLoaderUtils -- Could not detect default configuration classes for test class [com.example.ecommerce.ECommerceApplicationTests]: ECommerceApplicationTests does not declare any static, non-private, non-final, nested classes annotated with @Configuration.
10:55:58.681 [main] INFO org.springframework.boot.test.context.SpringBootTestContextBootstrapper -- Found @SpringBootConfiguration com.example.ecommerce.ECommerceApplication for test class com.example.ecommerce.ECommerceApplicationTests
  .   ____          _            __ _ _
 /\\ / ___'_ __ _ _(_)_ __  __ _ \ \ \ \
( ( )\___ | '_ | '_| | '_ \/ _` | \ \ \ \
 \\/  ___)| |_)| | | | | || (_| |  ) ) ) )
  '  |____| .__|_| |_|_| |_\__, | / / / /
 =========|_|==============|___/=/_/_/_/

 :: Spring Boot ::                (v3.3.0)

2024-06-13T10:55:59.544+06:30  INFO 12532 --- [ECommerce] [           main] c.e.ecommerce.ECommerceApplicationTests  : Starting ECommerceApplicationTests using Java 22 with PID 12532 (started by ZayMinPaing in C:\Users\ZayMinPaing\Desktop\ECommerce)
2024-06-13T10:55:59.548+06:30  INFO 12532 --- [ECommerce] [           main] c.e.ecommerce.ECommerceApplicationTests  : No active profile set, falling back to 1 default profile: "default"
2024-06-13T10:56:01.180+06:30  INFO 12532 --- [ECommerce] [           main] .s.d.r.c.RepositoryConfigurationDelegate : Bootstrapping Spring Data JPA repositories in DEFAULT mode.
2024-06-13T10:56:01.288+06:30  INFO 12532 --- [ECommerce] [           main] .s.d.r.c.RepositoryConfigurationDelegate : Finished Spring Data repository scanning in 96 ms. Found 3 JPA repository interfaces.
2024-06-13T10:56:02.163+06:30  INFO 12532 --- [ECommerce] [           main] o.hibernate.jpa.internal.util.LogHelper  : HHH000204: Processing PersistenceUnitInfo [name: default]
2024-06-13T10:56:02.316+06:30  INFO 12532 --- [ECommerce] [           main] org.hibernate.Version                    : HHH000412: Hibernate ORM core version 6.5.2.Final
2024-06-13T10:56:02.398+06:30  INFO 12532 --- [ECommerce] [           main] o.h.c.internal.RegionFactoryInitiator    : HHH000026: Second-level cache disabled
2024-06-13T10:56:03.133+06:30  INFO 12532 --- [ECommerce] [           main] o.s.o.j.p.SpringPersistenceUnitInfo      : No LoadTimeWeaver setup: ignoring JPA class transformer
2024-06-13T10:56:03.188+06:30  INFO 12532 --- [ECommerce] [           main] com.zaxxer.hikari.HikariDataSource       : HikariPool-1 - Starting...
2024-06-13T10:56:11.642+06:30  INFO 12532 --- [ECommerce] [           main] com.zaxxer.hikari.pool.HikariPool        : HikariPool-1 - Added connection com.mysql.cj.jdbc.ConnectionImpl@1de30c31
2024-06-13T10:56:11.658+06:30  INFO 12532 --- [ECommerce] [           main] com.zaxxer.hikari.HikariDataSource       : HikariPool-1 - Start completed.
2024-06-13T10:56:12.916+06:30  WARN 12532 --- [ECommerce] [           main] org.hibernate.orm.deprecation            : HHH90000025: MySQLDialect does not need to be specified explicitly using 'hibernate.dialect' (remove the property setting and it will be selected by default)
2024-06-13T10:56:14.430+06:30  INFO 12532 --- [ECommerce] [           main] o.h.e.t.j.p.i.JtaPlatformInitiator       : HHH000489: No JTA platform available (set 'hibernate.transaction.jta.platform' to enable JTA platform integration)
2024-06-13T10:56:19.321+06:30  INFO 12532 --- [ECommerce] [           main] j.LocalContainerEntityManagerFactoryBean : Initialized JPA EntityManagerFactory for persistence unit 'default'
2024-06-13T10:56:20.198+06:30  WARN 12532 --- [ECommerce] [           main] JpaBaseConfiguration$JpaWebConfiguration : spring.jpa.open-in-view is enabled by default. Therefore, database queries may be performed during view rendering. Explicitly configure spring.jpa.open-in-view to disable this warning
2024-06-13T10:56:20.262+06:30  INFO 12532 --- [ECommerce] [           main] r$InitializeUserDetailsManagerConfigurer : Global AuthenticationManager configured with UserDetailsService bean with name customUserDetailsService
2024-06-13T10:56:21.102+06:30  INFO 12532 --- [ECommerce] [           main] o.s.s.web.DefaultSecurityFilterChain     : Will secure any request with [org.springframework.security.web.session.DisableEncodeUrlFilter@159314ca, org.springframework.security.web.context.request.async.WebAsyncManagerIntegrationFilter@bafc754, org.springframework.security.web.context.SecurityContextHolderFilter@63f16350, org.springframework.security.web.header.HeaderWriterFilter@7d466ef9, org.springframework.web.filter.CorsFilter@5e8684a3, org.springframework.security.web.authentication.logout.LogoutFilter@6a1b4854, com.example.ecommerce.auth.JwtAuthorizationFilter@3e0a112f, org.springframework.security.web.savedrequest.RequestCacheAwareFilter@21262bde, org.springframework.security.web.servletapi.SecurityContextHolderAwareRequestFilter@3a75d9a1, org.springframework.security.web.authentication.AnonymousAuthenticationFilter@590ab84, org.springframework.security.web.session.SessionManagementFilter@427128a6, org.springframework.security.web.access.ExceptionTranslationFilter@539f2fec, org.springframework.security.web.access.intercept.FilterSecurityInterceptor@110f66e3]
2024-06-13T10:56:21.800+06:30  INFO 12532 --- [ECommerce] [           main] c.e.ecommerce.ECommerceApplicationTests  : Started ECommerceApplicationTests in 22.842 seconds (process running for 24.739)
]]></system-out>
    <system-err><![CDATA[WARNING: A Java agent has been loaded dynamically (C:\Users\ZayMinPaing\.m2\repository\net\bytebuddy\byte-buddy-agent\1.14.16\byte-buddy-agent-1.14.16.jar)
WARNING: If a serviceability tool is in use, please run with -XX:+EnableDynamicAgentLoading to hide this warning
WARNING: If a serviceability tool is not in use, please run with -Djdk.instrument.traceUsage for more information
WARNING: Dynamic loading of agents will be disallowed by default in a future release
]]></system-err>
  </testcase>
</testsuite>